<?xml version="1.0" encoding="UTF-8"?>
<robot generator="Robot 7.3.2 (Python 3.13.3 on win32)" generated="2025-10-07T20:41:09.987321" rpa="false" schemaversion="5">
<suite id="s1" name="02 Customer Management" source="C:\Users\ibrab\Desktop\Examen_Qa_Tests\lab2\testcases\02_Customer_Management.robot">
<kw name="Generate Unique Email" type="SETUP">
<kw name="Get Time" owner="BuiltIn">
<msg time="2025-10-07T20:41:12.078404" level="INFO">${ts} = 2025-10-07 20:41:12</msg>
<var>${ts}</var>
<arg>result_format=%Y%m%d%H%M%S</arg>
<doc>Returns the given time in the requested format.</doc>
<status status="PASS" start="2025-10-07T20:41:12.077818" elapsed="0.000691"/>
</kw>
<kw name="Set Suite Variable" owner="BuiltIn">
<msg time="2025-10-07T20:41:12.079450" level="INFO">${NEW_EMAIL} = john.doe.2025-10-07 20:41:12@test.com</msg>
<arg>${NEW_EMAIL}</arg>
<arg>john.doe.${ts}@test.com</arg>
<doc>Makes a variable available everywhere within the scope of the current suite.</doc>
<status status="PASS" start="2025-10-07T20:41:12.078920" elapsed="0.000661"/>
</kw>
<status status="PASS" start="2025-10-07T20:41:12.075787" elapsed="0.004009"/>
</kw>
<test id="s1-t1" name="1006 Should be able to add new customer" line="31">
<kw name="Setup for Customer Tests" type="SETUP">
<kw name="Open Browser To Home Page" owner="keywords">
<kw name="Open Browser" owner="SeleniumLibrary">
<msg time="2025-10-07T20:41:12.097922" level="INFO">Opening browser 'Firefox' to base url 'https://automationplayground.com/crm/'.</msg>
<arg>${BASE_URL}</arg>
<arg>${BROWSER}</arg>
<doc>Opens a new browser instance to the optional ``url``.</doc>
<status status="PASS" start="2025-10-07T20:41:12.097140" elapsed="22.055724"/>
</kw>
<kw name="Set Selenium Speed" owner="SeleniumLibrary">
<arg>0.5s</arg>
<doc>Sets the delay that is waited after each Selenium command.</doc>
<status status="PASS" start="2025-10-07T20:41:34.153247" elapsed="0.000496"/>
</kw>
<kw name="Set Selenium Timeout" owner="SeleniumLibrary">
<arg>10s</arg>
<doc>Sets the timeout that is used by various keywords.</doc>
<status status="PASS" start="2025-10-07T20:41:34.154024" elapsed="0.558949"/>
</kw>
<kw name="Wait Until Page Contains" owner="SeleniumLibrary">
<arg>Welcome to the customer relationship manager site!</arg>
<doc>Waits until ``text`` appears on the current page.</doc>
<status status="PASS" start="2025-10-07T20:41:34.713335" elapsed="0.742821"/>
</kw>
<doc>Ouvre le navigateur et navigue à la page d'accueil.</doc>
<status status="PASS" start="2025-10-07T20:41:12.096495" elapsed="23.359959"/>
</kw>
<kw name="Log In With Valid Credentials" owner="keywords">
<kw name="Click Link" owner="SeleniumLibrary">
<msg time="2025-10-07T20:41:35.464431" level="INFO">Clicking link 'id:SignIn'.</msg>
<arg>${LOGIN_LINK}</arg>
<doc>Clicks a link identified by ``locator``.</doc>
<status status="PASS" start="2025-10-07T20:41:35.463179" elapsed="2.647441"/>
</kw>
<kw name="Wait Until Page Contains" owner="SeleniumLibrary">
<arg>Sign In</arg>
<doc>Waits until ``text`` appears on the current page.</doc>
<status status="PASS" start="2025-10-07T20:41:38.111016" elapsed="0.508244"/>
</kw>
<kw name="Input Text" owner="SeleniumLibrary">
<msg time="2025-10-07T20:41:38.620801" level="INFO">Typing text 'admin@robotframeworktutorial.com' into text field 'id:email-id'.</msg>
<arg>${EMAIL_FIELD}</arg>
<arg>${VALID_EMAIL}</arg>
<doc>Types the given ``text`` into the text field identified by ``locator``.</doc>
<status status="PASS" start="2025-10-07T20:41:38.620122" elapsed="1.655514"/>
</kw>
<kw name="Input Text" owner="SeleniumLibrary">
<msg time="2025-10-07T20:41:40.276859" level="INFO">Typing text 'pwd' into text field 'id:password'.</msg>
<arg>${PASSWORD_FIELD}</arg>
<arg>${VALID_PASSWORD}</arg>
<doc>Types the given ``text`` into the text field identified by ``locator``.</doc>
<status status="PASS" start="2025-10-07T20:41:40.276206" elapsed="1.568502"/>
</kw>
<kw name="Click Button" owner="SeleniumLibrary">
<msg time="2025-10-07T20:41:41.845421" level="INFO">Clicking button 'id:submit-id'.</msg>
<arg>${SUBMIT_BUTTON}</arg>
<doc>Clicks the button identified by ``locator``.</doc>
<status status="PASS" start="2025-10-07T20:41:41.845032" elapsed="3.699162"/>
</kw>
<kw name="Wait Until Page Contains" owner="SeleniumLibrary">
<arg>Customer</arg>
<doc>Waits until ``text`` appears on the current page.</doc>
<status status="PASS" start="2025-10-07T20:41:45.544453" elapsed="0.506548"/>
</kw>
<doc>Effectue la connexion avec des identifiants valides.</doc>
<status status="PASS" start="2025-10-07T20:41:35.457478" elapsed="10.593676"/>
</kw>
<doc>Pré-conditions pour les tests de gestion des clients (Ouvrir le navigateur et se connecter).</doc>
<status status="PASS" start="2025-10-07T20:41:12.095185" elapsed="33.956058"/>
</kw>
<kw name="Click Button" owner="SeleniumLibrary">
<msg time="2025-10-07T20:41:46.051954" level="INFO">Clicking button 'css:a[href*='addCustomer']'.</msg>
<msg time="2025-10-07T20:41:47.605502" level="INFO" html="true">&lt;/td&gt;&lt;/tr&gt;&lt;tr&gt;&lt;td colspan="3"&gt;&lt;a href="selenium-screenshot-7.png"&gt;&lt;img src="selenium-screenshot-7.png" width="800px"&gt;&lt;/a&gt;</msg>
<msg time="2025-10-07T20:41:47.605992" level="FAIL">Button with locator 'css:a[href*='addCustomer']' not found.</msg>
<arg>${NEW_CUSTOMER_BUTTON}</arg>
<doc>Clicks the button identified by ``locator``.</doc>
<status status="FAIL" start="2025-10-07T20:41:46.051660" elapsed="1.572289">Button with locator 'css:a[href*='addCustomer']' not found.</status>
</kw>
<kw name="Wait Until Page Contains" owner="SeleniumLibrary">
<arg>${ADD_CUSTOMER_PAGE_TITLE}</arg>
<doc>Waits until ``text`` appears on the current page.</doc>
<status status="NOT RUN" start="2025-10-07T20:41:47.624499" elapsed="0.000075"/>
</kw>
<kw name="Input Text" owner="SeleniumLibrary">
<arg>id:customer-email</arg>
<arg>${NEW_EMAIL}</arg>
<doc>Types the given ``text`` into the text field identified by ``locator``.</doc>
<status status="NOT RUN" start="2025-10-07T20:41:47.625488" elapsed="0.000106"/>
</kw>
<kw name="Input Text" owner="SeleniumLibrary">
<arg>id:first-name</arg>
<arg>${FIRST_NAME}</arg>
<doc>Types the given ``text`` into the text field identified by ``locator``.</doc>
<status status="NOT RUN" start="2025-10-07T20:41:47.626236" elapsed="0.000075"/>
</kw>
<kw name="Input Text" owner="SeleniumLibrary">
<arg>id:last-name</arg>
<arg>${LAST_NAME}</arg>
<doc>Types the given ``text`` into the text field identified by ``locator``.</doc>
<status status="NOT RUN" start="2025-10-07T20:41:47.626691" elapsed="0.000048"/>
</kw>
<kw name="Input Text" owner="SeleniumLibrary">
<arg>id:city</arg>
<arg>${CITY}</arg>
<doc>Types the given ``text`` into the text field identified by ``locator``.</doc>
<status status="NOT RUN" start="2025-10-07T20:41:47.627035" elapsed="0.000047"/>
</kw>
<kw name="Select From List By Value" owner="SeleniumLibrary">
<arg>id:customer-state</arg>
<arg>QC</arg>
<doc>Selects options from selection list ``locator`` by ``values``.</doc>
<status status="NOT RUN" start="2025-10-07T20:41:47.627387" elapsed="0.000045"/>
</kw>
<kw name="Select Radio Button" owner="SeleniumLibrary">
<arg>gender</arg>
<arg>Male</arg>
<doc>Sets the radio button group ``group_name`` to ``value``.</doc>
<status status="NOT RUN" start="2025-10-07T20:41:47.627693" elapsed="0.000044"/>
</kw>
<kw name="Click Element" owner="SeleniumLibrary">
<arg>id:promotion-checkbox</arg>
<doc>Click the element identified by ``locator``.</doc>
<status status="NOT RUN" start="2025-10-07T20:41:47.628172" elapsed="0.000055"/>
</kw>
<kw name="Click Button" owner="SeleniumLibrary">
<arg>${SUBMIT_BUTTON}</arg>
<doc>Clicks the button identified by ``locator``.</doc>
<status status="NOT RUN" start="2025-10-07T20:41:47.628974" elapsed="0.000193"/>
</kw>
<kw name="Wait Until Page Contains" owner="SeleniumLibrary">
<arg>Customer successfully added</arg>
<doc>Waits until ``text`` appears on the current page.</doc>
<status status="NOT RUN" start="2025-10-07T20:41:47.629702" elapsed="0.000084"/>
</kw>
<kw name="Close Browser Session" owner="keywords" type="TEARDOWN">
<kw name="Close Browser" owner="SeleniumLibrary">
<doc>Closes the current browser.</doc>
<status status="PASS" start="2025-10-07T20:41:47.631846" elapsed="6.159278"/>
</kw>
<doc>Ferme la session du navigateur.</doc>
<status status="PASS" start="2025-10-07T20:41:47.631195" elapsed="6.160077"/>
</kw>
<doc>Vérifie l'ajout d'un nouveau client avec succès.</doc>
<tag>Contacts</tag>
<tag>Smoke</tag>
<status status="FAIL" start="2025-10-07T20:41:12.079972" elapsed="41.711599">Button with locator 'css:a[href*='addCustomer']' not found.</status>
</test>
<test id="s1-t2" name="1007 Should be able to cancel adding new customer" line="54">
<kw name="Setup for Customer Tests" type="SETUP">
<kw name="Open Browser To Home Page" owner="keywords">
<kw name="Open Browser" owner="SeleniumLibrary">
<msg time="2025-10-07T20:41:53.794585" level="INFO">Opening browser 'Firefox' to base url 'https://automationplayground.com/crm/'.</msg>
<arg>${BASE_URL}</arg>
<arg>${BROWSER}</arg>
<doc>Opens a new browser instance to the optional ``url``.</doc>
<status status="PASS" start="2025-10-07T20:41:53.794318" elapsed="14.146868"/>
</kw>
<kw name="Set Selenium Speed" owner="SeleniumLibrary">
<arg>0.5s</arg>
<doc>Sets the delay that is waited after each Selenium command.</doc>
<status status="PASS" start="2025-10-07T20:42:07.941603" elapsed="0.000430"/>
</kw>
<kw name="Set Selenium Timeout" owner="SeleniumLibrary">
<arg>10s</arg>
<doc>Sets the timeout that is used by various keywords.</doc>
<status status="PASS" start="2025-10-07T20:42:07.942324" elapsed="0.512057"/>
</kw>
<kw name="Wait Until Page Contains" owner="SeleniumLibrary">
<arg>Welcome to the customer relationship manager site!</arg>
<doc>Waits until ``text`` appears on the current page.</doc>
<status status="PASS" start="2025-10-07T20:42:08.454735" elapsed="0.532741"/>
</kw>
<doc>Ouvre le navigateur et navigue à la page d'accueil.</doc>
<status status="PASS" start="2025-10-07T20:41:53.794032" elapsed="15.193714"/>
</kw>
<kw name="Log In With Valid Credentials" owner="keywords">
<kw name="Click Link" owner="SeleniumLibrary">
<msg time="2025-10-07T20:42:08.989295" level="INFO">Clicking link 'id:SignIn'.</msg>
<arg>${LOGIN_LINK}</arg>
<doc>Clicks a link identified by ``locator``.</doc>
<status status="PASS" start="2025-10-07T20:42:08.988807" elapsed="2.310705"/>
</kw>
<kw name="Wait Until Page Contains" owner="SeleniumLibrary">
<arg>Sign In</arg>
<doc>Waits until ``text`` appears on the current page.</doc>
<status status="PASS" start="2025-10-07T20:42:11.300160" elapsed="0.507774"/>
</kw>
<kw name="Input Text" owner="SeleniumLibrary">
<msg time="2025-10-07T20:42:11.809117" level="INFO">Typing text 'admin@robotframeworktutorial.com' into text field 'id:email-id'.</msg>
<arg>${EMAIL_FIELD}</arg>
<arg>${VALID_EMAIL}</arg>
<doc>Types the given ``text`` into the text field identified by ``locator``.</doc>
<status status="PASS" start="2025-10-07T20:42:11.808437" elapsed="1.609084"/>
</kw>
<kw name="Input Text" owner="SeleniumLibrary">
<msg time="2025-10-07T20:42:13.418107" level="INFO">Typing text 'pwd' into text field 'id:password'.</msg>
<arg>${PASSWORD_FIELD}</arg>
<arg>${VALID_PASSWORD}</arg>
<doc>Types the given ``text`` into the text field identified by ``locator``.</doc>
<status status="PASS" start="2025-10-07T20:42:13.417768" elapsed="1.547324"/>
</kw>
<kw name="Click Button" owner="SeleniumLibrary">
<msg time="2025-10-07T20:42:14.965881" level="INFO">Clicking button 'id:submit-id'.</msg>
<arg>${SUBMIT_BUTTON}</arg>
<doc>Clicks the button identified by ``locator``.</doc>
<status status="PASS" start="2025-10-07T20:42:14.965441" elapsed="6.359531"/>
</kw>
<kw name="Wait Until Page Contains" owner="SeleniumLibrary">
<arg>Customer</arg>
<doc>Waits until ``text`` appears on the current page.</doc>
<status status="PASS" start="2025-10-07T20:42:21.325575" elapsed="0.519204"/>
</kw>
<doc>Effectue la connexion avec des identifiants valides.</doc>
<status status="PASS" start="2025-10-07T20:42:08.988205" elapsed="12.856831"/>
</kw>
<doc>Pré-conditions pour les tests de gestion des clients (Ouvrir le navigateur et se connecter).</doc>
<status status="PASS" start="2025-10-07T20:41:53.793697" elapsed="28.051508"/>
</kw>
<kw name="Click Button" owner="SeleniumLibrary">
<msg time="2025-10-07T20:42:21.849074" level="INFO">Clicking button 'css:a[href*='addCustomer']'.</msg>
<msg time="2025-10-07T20:42:23.443578" level="INFO" html="true">&lt;/td&gt;&lt;/tr&gt;&lt;tr&gt;&lt;td colspan="3"&gt;&lt;a href="selenium-screenshot-8.png"&gt;&lt;img src="selenium-screenshot-8.png" width="800px"&gt;&lt;/a&gt;</msg>
<msg time="2025-10-07T20:42:23.443839" level="FAIL">Button with locator 'css:a[href*='addCustomer']' not found.</msg>
<arg>${NEW_CUSTOMER_BUTTON}</arg>
<doc>Clicks the button identified by ``locator``.</doc>
<status status="FAIL" start="2025-10-07T20:42:21.848545" elapsed="1.599318">Button with locator 'css:a[href*='addCustomer']' not found.</status>
</kw>
<kw name="Wait Until Page Contains" owner="SeleniumLibrary">
<arg>${ADD_CUSTOMER_PAGE_TITLE}</arg>
<doc>Waits until ``text`` appears on the current page.</doc>
<status status="NOT RUN" start="2025-10-07T20:42:23.449975" elapsed="0.000123"/>
</kw>
<kw name="Click Button" owner="SeleniumLibrary">
<arg>${CANCEL_BUTTON}</arg>
<doc>Clicks the button identified by ``locator``.</doc>
<status status="NOT RUN" start="2025-10-07T20:42:23.452361" elapsed="0.000165"/>
</kw>
<kw name="Wait Until Page Contains" owner="SeleniumLibrary">
<arg>Customers</arg>
<doc>Waits until ``text`` appears on the current page.</doc>
<status status="NOT RUN" start="2025-10-07T20:42:23.454157" elapsed="0.000083"/>
</kw>
<kw name="Location Should Contain" owner="SeleniumLibrary">
<arg>/customers</arg>
<doc>Verifies that the current URL contains ``expected``.</doc>
<status status="NOT RUN" start="2025-10-07T20:42:23.456523" elapsed="0.000131"/>
</kw>
<kw name="Close Browser Session" owner="keywords" type="TEARDOWN">
<kw name="Close Browser" owner="SeleniumLibrary">
<doc>Closes the current browser.</doc>
<status status="PASS" start="2025-10-07T20:42:23.459298" elapsed="6.111219"/>
</kw>
<doc>Ferme la session du navigateur.</doc>
<status status="PASS" start="2025-10-07T20:42:23.458705" elapsed="6.111957"/>
</kw>
<doc>Vérifie l'annulation de l'ajout d'un nouveau client.</doc>
<tag>Contacts</tag>
<tag>Functional</tag>
<status status="FAIL" start="2025-10-07T20:41:53.792674" elapsed="35.778230">Button with locator 'css:a[href*='addCustomer']' not found.</status>
</test>
<doc>Tests d'automatisation pour l'ajout de nouveaux clients (Scénarios 1006 et 1007).</doc>
<status status="FAIL" start="2025-10-07T20:41:09.992243" elapsed="79.580116"/>
</suite>
<statistics>
<total>
<stat pass="0" fail="2" skip="0">All Tests</stat>
</total>
<tag>
<stat pass="0" fail="2" skip="0">Contacts</stat>
<stat pass="0" fail="1" skip="0">Functional</stat>
<stat pass="0" fail="1" skip="0">Smoke</stat>
</tag>
<suite>
<stat name="02 Customer Management" id="s1" pass="0" fail="2" skip="0">02 Customer Management</stat>
</suite>
</statistics>
<errors>
</errors>
</robot>
