<?xml version="1.0" encoding="UTF-8"?>
<robot generator="Robot 7.3.2 (Python 3.13.3 on win32)" generated="2025-10-07T20:49:13.135495" rpa="false" schemaversion="5">
<suite id="s1" name="Examen Qa Tests" source="C:\Users\ibrab\Desktop\Examen_Qa_Tests">
<suite id="s1-s1" name="Lab2" source="C:\Users\ibrab\Desktop\Examen_Qa_Tests\lab2">
<suite id="s1-s1-s1" name="Testcases" source="C:\Users\ibrab\Desktop\Examen_Qa_Tests\lab2\testcases">
<suite id="s1-s1-s1-s1" name="02 Customer Management" source="C:\Users\ibrab\Desktop\Examen_Qa_Tests\lab2\testcases\02_Customer_Management.robot">
<kw name="Generate Unique Email" type="SETUP">
<kw name="Get Time" owner="BuiltIn">
<msg time="2025-10-07T20:49:14.538125" level="INFO">${ts} = 2025-10-07 20:49:14</msg>
<var>${ts}</var>
<arg>result_format=%Y%m%d%H%M%S</arg>
<doc>Returns the given time in the requested format.</doc>
<status status="PASS" start="2025-10-07T20:49:14.537174" elapsed="0.001802"/>
</kw>
<kw name="Set Suite Variable" owner="BuiltIn">
<msg time="2025-10-07T20:49:14.541405" level="INFO">${NEW_EMAIL} = john.doe.2025-10-07 20:49:14@test.com</msg>
<arg>${NEW_EMAIL}</arg>
<arg>john.doe.${ts}@test.com</arg>
<doc>Makes a variable available everywhere within the scope of the current suite.</doc>
<status status="PASS" start="2025-10-07T20:49:14.539617" elapsed="0.002855"/>
</kw>
<status status="PASS" start="2025-10-07T20:49:14.534839" elapsed="0.008173"/>
</kw>
<test id="s1-s1-s1-s1-t1" name="1006 Should be able to add new customer" line="31">
<kw name="Setup for Customer Tests" type="SETUP">
<kw name="Open Browser To Home Page" owner="keywords">
<kw name="Open Browser" owner="SeleniumLibrary">
<msg time="2025-10-07T20:49:14.563485" level="INFO">Opening browser 'Firefox' to base url 'https://automationplayground.com/crm/'.</msg>
<arg>${BASE_URL}</arg>
<arg>${BROWSER}</arg>
<doc>Opens a new browser instance to the optional ``url``.</doc>
<status status="PASS" start="2025-10-07T20:49:14.557323" elapsed="12.756114"/>
</kw>
<kw name="Set Selenium Speed" owner="SeleniumLibrary">
<arg>0.5s</arg>
<doc>Sets the delay that is waited after each Selenium command.</doc>
<status status="PASS" start="2025-10-07T20:49:27.313996" elapsed="0.000880"/>
</kw>
<kw name="Set Selenium Timeout" owner="SeleniumLibrary">
<arg>10s</arg>
<doc>Sets the timeout that is used by various keywords.</doc>
<status status="PASS" start="2025-10-07T20:49:27.315356" elapsed="0.507524"/>
</kw>
<kw name="Wait Until Page Contains" owner="SeleniumLibrary">
<arg>Welcome to the customer relationship manager site!</arg>
<doc>Waits until ``text`` appears on the current page.</doc>
<status status="PASS" start="2025-10-07T20:49:27.823476" elapsed="0.531838"/>
</kw>
<doc>Ouvre le navigateur et navigue à la page d'accueil.</doc>
<status status="PASS" start="2025-10-07T20:49:14.555953" elapsed="13.799813"/>
</kw>
<kw name="Log In With Valid Credentials" owner="keywords">
<kw name="Click Link" owner="SeleniumLibrary">
<msg time="2025-10-07T20:49:28.358030" level="INFO">Clicking link 'id:SignIn'.</msg>
<arg>${LOGIN_LINK}</arg>
<doc>Clicks a link identified by ``locator``.</doc>
<status status="PASS" start="2025-10-07T20:49:28.357093" elapsed="2.393096"/>
</kw>
<kw name="Wait Until Page Contains" owner="SeleniumLibrary">
<arg>Sign In</arg>
<doc>Waits until ``text`` appears on the current page.</doc>
<status status="PASS" start="2025-10-07T20:49:30.750806" elapsed="0.507976"/>
</kw>
<kw name="Input Text" owner="SeleniumLibrary">
<msg time="2025-10-07T20:49:31.260189" level="INFO">Typing text 'admin@robotframeworktutorial.com' into text field 'id:email-id'.</msg>
<arg>${EMAIL_FIELD}</arg>
<arg>${VALID_EMAIL}</arg>
<doc>Types the given ``text`` into the text field identified by ``locator``.</doc>
<status status="PASS" start="2025-10-07T20:49:31.259343" elapsed="1.644190"/>
</kw>
<kw name="Input Text" owner="SeleniumLibrary">
<msg time="2025-10-07T20:49:32.904778" level="INFO">Typing text 'pwd' into text field 'id:password'.</msg>
<arg>${PASSWORD_FIELD}</arg>
<arg>${VALID_PASSWORD}</arg>
<doc>Types the given ``text`` into the text field identified by ``locator``.</doc>
<status status="PASS" start="2025-10-07T20:49:32.904027" elapsed="1.573642"/>
</kw>
<kw name="Click Button" owner="SeleniumLibrary">
<msg time="2025-10-07T20:49:34.480399" level="INFO">Clicking button 'id:submit-id'.</msg>
<arg>${SUBMIT_BUTTON}</arg>
<doc>Clicks the button identified by ``locator``.</doc>
<status status="PASS" start="2025-10-07T20:49:34.478441" elapsed="3.246623"/>
</kw>
<kw name="Wait Until Page Contains" owner="SeleniumLibrary">
<arg>Customer</arg>
<doc>Waits until ``text`` appears on the current page.</doc>
<status status="PASS" start="2025-10-07T20:49:37.727989" elapsed="0.507139"/>
</kw>
<doc>Effectue la connexion avec des identifiants valides.</doc>
<status status="PASS" start="2025-10-07T20:49:28.356268" elapsed="9.879219"/>
</kw>
<doc>Pré-conditions pour les tests de gestion des clients (Ouvrir le navigateur et se connecter).</doc>
<status status="PASS" start="2025-10-07T20:49:14.554566" elapsed="23.681178"/>
</kw>
<kw name="Click Button" owner="SeleniumLibrary">
<msg time="2025-10-07T20:49:38.237044" level="INFO">Clicking button 'id=new-customer'.</msg>
<msg time="2025-10-07T20:49:40.816735" level="INFO" html="true">&lt;/td&gt;&lt;/tr&gt;&lt;tr&gt;&lt;td colspan="3"&gt;&lt;a href="selenium-screenshot-12.png"&gt;&lt;img src="selenium-screenshot-12.png" width="800px"&gt;&lt;/a&gt;</msg>
<msg time="2025-10-07T20:49:40.817396" level="FAIL">Button with locator 'id=new-customer' not found.</msg>
<arg>${NEW_CUSTOMER_BUTTON}</arg>
<doc>Clicks the button identified by ``locator``.</doc>
<status status="FAIL" start="2025-10-07T20:49:38.236283" elapsed="2.618572">Button with locator 'id=new-customer' not found.</status>
</kw>
<kw name="Wait Until Page Contains" owner="SeleniumLibrary">
<arg>${ADD_CUSTOMER_PAGE_TITLE}</arg>
<doc>Waits until ``text`` appears on the current page.</doc>
<status status="NOT RUN" start="2025-10-07T20:49:40.855625" elapsed="0.000356"/>
</kw>
<kw name="Input Text" owner="SeleniumLibrary">
<arg>id:customer-email</arg>
<arg>${NEW_EMAIL}</arg>
<doc>Types the given ``text`` into the text field identified by ``locator``.</doc>
<status status="NOT RUN" start="2025-10-07T20:49:40.860651" elapsed="0.000522"/>
</kw>
<kw name="Input Text" owner="SeleniumLibrary">
<arg>id:first-name</arg>
<arg>${FIRST_NAME}</arg>
<doc>Types the given ``text`` into the text field identified by ``locator``.</doc>
<status status="NOT RUN" start="2025-10-07T20:49:40.861955" elapsed="0.000386"/>
</kw>
<kw name="Input Text" owner="SeleniumLibrary">
<arg>id:last-name</arg>
<arg>${LAST_NAME}</arg>
<doc>Types the given ``text`` into the text field identified by ``locator``.</doc>
<status status="NOT RUN" start="2025-10-07T20:49:40.863162" elapsed="0.000368"/>
</kw>
<kw name="Input Text" owner="SeleniumLibrary">
<arg>id:city</arg>
<arg>${CITY}</arg>
<doc>Types the given ``text`` into the text field identified by ``locator``.</doc>
<status status="NOT RUN" start="2025-10-07T20:49:40.864154" elapsed="0.000325"/>
</kw>
<kw name="Select From List By Value" owner="SeleniumLibrary">
<arg>id:customer-state</arg>
<arg>QC</arg>
<doc>Selects options from selection list ``locator`` by ``values``.</doc>
<status status="NOT RUN" start="2025-10-07T20:49:40.865003" elapsed="0.000251"/>
</kw>
<kw name="Select Radio Button" owner="SeleniumLibrary">
<arg>gender</arg>
<arg>Male</arg>
<doc>Sets the radio button group ``group_name`` to ``value``.</doc>
<status status="NOT RUN" start="2025-10-07T20:49:40.865749" elapsed="0.000260"/>
</kw>
<kw name="Click Element" owner="SeleniumLibrary">
<arg>id:promotion-checkbox</arg>
<doc>Click the element identified by ``locator``.</doc>
<status status="NOT RUN" start="2025-10-07T20:49:40.866593" elapsed="0.000195"/>
</kw>
<kw name="Click Button" owner="SeleniumLibrary">
<arg>${SUBMIT_BUTTON}</arg>
<doc>Clicks the button identified by ``locator``.</doc>
<status status="NOT RUN" start="2025-10-07T20:49:40.867119" elapsed="0.000163"/>
</kw>
<kw name="Wait Until Page Contains" owner="SeleniumLibrary">
<arg>Customer successfully added</arg>
<doc>Waits until ``text`` appears on the current page.</doc>
<status status="NOT RUN" start="2025-10-07T20:49:40.868035" elapsed="0.000556"/>
</kw>
<kw name="Close Browser Session" owner="keywords" type="TEARDOWN">
<kw name="Close Browser" owner="SeleniumLibrary">
<doc>Closes the current browser.</doc>
<status status="PASS" start="2025-10-07T20:49:40.869932" elapsed="8.960478"/>
</kw>
<doc>Ferme la session du navigateur.</doc>
<status status="PASS" start="2025-10-07T20:49:40.869384" elapsed="8.961300"/>
</kw>
<doc>Vérifie l'ajout d'un nouveau client avec succès.</doc>
<tag>Contacts</tag>
<tag>Smoke</tag>
<status status="FAIL" start="2025-10-07T20:49:14.543300" elapsed="35.287746">Button with locator 'id=new-customer' not found.</status>
</test>
<doc>Tests d'automatisation pour l'ajout de nouveaux clients (Scénarios 1006 et 1007).</doc>
<status status="FAIL" start="2025-10-07T20:49:13.314411" elapsed="36.529862"/>
</suite>
<status status="FAIL" start="2025-10-07T20:49:13.281492" elapsed="36.570919"/>
</suite>
<status status="FAIL" start="2025-10-07T20:49:13.254169" elapsed="36.616728"/>
</suite>
<status status="FAIL" start="2025-10-07T20:49:13.154087" elapsed="36.736820"/>
</suite>
<statistics>
<total>
<stat pass="0" fail="1" skip="0">All Tests</stat>
</total>
<tag>
<stat pass="0" fail="1" skip="0">Contacts</stat>
<stat pass="0" fail="1" skip="0">Smoke</stat>
</tag>
<suite>
<stat name="Examen Qa Tests" id="s1" pass="0" fail="1" skip="0">Examen Qa Tests</stat>
<stat name="Lab2" id="s1-s1" pass="0" fail="1" skip="0">Examen Qa Tests.Lab2</stat>
<stat name="Testcases" id="s1-s1-s1" pass="0" fail="1" skip="0">Examen Qa Tests.Lab2.Testcases</stat>
<stat name="02 Customer Management" id="s1-s1-s1-s1" pass="0" fail="1" skip="0">Examen Qa Tests.Lab2.Testcases.02 Customer Management</stat>
</suite>
</statistics>
<errors>
</errors>
</robot>
